<?xml version="1.0" encoding="UTF-8"?>
<!-- Generated by org.testng.reporters.JUnitReportReporter -->
<testsuite skipped="0" hostname="LAPTOP-MCG5QB6B" name="fr.zenity.appium.runner.TestRunner" tests="1" failures="0" timestamp="2022-01-12T16:17:53 CET" time="0.116" errors="0">
  <testcase name="runScenario" time="0.116" classname="fr.zenity.appium.runner.TestRunner"/>
  <system-out/>
</testsuite> <!-- fr.zenity.appium.runner.TestRunner -->
